{
  "RSpec": {
    "coverage": {
      "/Users/christophercrane/Desktop/mods/4mod/tea_shop/spec/models/customer_spec.rb": {
        "lines": [
          null,
          null,
          1,
          null,
          1,
          1,
          2,
          2,
          2,
          2,
          null,
          null,
          1,
          2,
          2,
          null,
          null
        ]
      },
      "/Users/christophercrane/Desktop/mods/4mod/tea_shop/config/environment.rb": {
        "lines": [
          null,
          null,
          null,
          1,
          null,
          null,
          1
        ]
      },
      "/Users/christophercrane/Desktop/mods/4mod/tea_shop/config/application.rb": {
        "lines": [
          null,
          null,
          1,
          null,
          1,
          null,
          1,
          1,
          1,
          1,
          1,
          1,
          1,
          1,
          1,
          1,
          null,
          null,
          null,
          null,
          1,
          null,
          1,
          1,
          null,
          1,
          null,
          null,
          null,
          null,
          null,
          null,
          null,
          null,
          null,
          null,
          null,
          null,
          1,
          null,
          null
        ]
      },
      "/Users/christophercrane/Desktop/mods/4mod/tea_shop/config/boot.rb": {
        "lines": [
          null,
          null,
          1,
          null,
          1,
          1
        ]
      },
      "/Users/christophercrane/Desktop/mods/4mod/tea_shop/config/environments/test.rb": {
        "lines": [
          null,
          null,
          1,
          null,
          null,
          null,
          null,
          null,
          null,
          1,
          null,
          null,
          null,
          1,
          null,
          null,
          null,
          null,
          1,
          null,
          null,
          1,
          1,
          null,
          null,
          null,
          null,
          1,
          1,
          1,
          null,
          null,
          1,
          null,
          null,
          1,
          null,
          null,
          1,
          null,
          1,
          null,
          null,
          null,
          null,
          1,
          null,
          null,
          1,
          null,
          null,
          1,
          null,
          null,
          1,
          null,
          null,
          null,
          null,
          null,
          null,
          null
        ]
      },
      "/Users/christophercrane/Desktop/mods/4mod/tea_shop/config/initializers/cors.rb": {
        "lines": [
          null,
          null,
          null,
          null,
          null,
          null,
          null,
          null,
          null,
          null,
          null,
          null,
          null,
          null,
          null,
          null,
          null
        ]
      },
      "/Users/christophercrane/Desktop/mods/4mod/tea_shop/config/initializers/filter_parameter_logging.rb": {
        "lines": [
          null,
          null,
          null,
          null,
          null,
          null,
          null,
          1,
          null,
          null
        ]
      },
      "/Users/christophercrane/Desktop/mods/4mod/tea_shop/config/initializers/inflections.rb": {
        "lines": [
          null,
          null,
          null,
          null,
          null,
          null,
          null,
          null,
          null,
          null,
          null,
          null,
          null,
          null,
          null,
          null,
          null
        ]
      },
      "/Users/christophercrane/Desktop/mods/4mod/tea_shop/spec/factories/customers.rb": {
        "lines": [
          null,
          null,
          1,
          1,
          5,
          5,
          5,
          5,
          null,
          null
        ]
      },
      "/Users/christophercrane/Desktop/mods/4mod/tea_shop/spec/factories/subscriptions.rb": {
        "lines": [
          null,
          null,
          1,
          1,
          1,
          1,
          6,
          6,
          6,
          null,
          null
        ]
      },
      "/Users/christophercrane/Desktop/mods/4mod/tea_shop/spec/factories/teas.rb": {
        "lines": [
          null,
          null,
          1,
          1,
          5,
          5,
          5,
          5,
          null,
          null
        ]
      },
      "/Users/christophercrane/Desktop/mods/4mod/tea_shop/config/routes.rb": {
        "lines": [
          null,
          null,
          1,
          1,
          1,
          1,
          1,
          1,
          null,
          null,
          null,
          null
        ]
      },
      "/Users/christophercrane/Desktop/mods/4mod/tea_shop/app/models/customer.rb": {
        "lines": [
          null,
          null,
          1,
          1,
          1,
          null,
          1,
          1,
          1,
          1,
          1,
          null
        ]
      },
      "/Users/christophercrane/Desktop/mods/4mod/tea_shop/app/models/application_record.rb": {
        "lines": [
          null,
          null,
          1,
          1,
          null
        ]
      },
      "/Users/christophercrane/Desktop/mods/4mod/tea_shop/spec/models/subscription_spec.rb": {
        "lines": [
          null,
          null,
          1,
          null,
          1,
          1,
          2,
          2,
          2,
          2,
          null,
          1,
          1,
          1,
          1,
          1,
          null,
          null,
          null,
          1,
          2,
          2,
          null,
          null
        ]
      },
      "/Users/christophercrane/Desktop/mods/4mod/tea_shop/app/models/subscription.rb": {
        "lines": [
          null,
          null,
          1,
          1,
          null,
          1,
          1,
          null,
          1,
          1,
          1,
          1,
          null
        ]
      },
      "/Users/christophercrane/Desktop/mods/4mod/tea_shop/spec/models/tea_spec.rb": {
        "lines": [
          null,
          null,
          1,
          null,
          1,
          1,
          2,
          2,
          2,
          2,
          null,
          null,
          1,
          2,
          2,
          null,
          null
        ]
      },
      "/Users/christophercrane/Desktop/mods/4mod/tea_shop/app/models/tea.rb": {
        "lines": [
          null,
          null,
          1,
          1,
          1,
          null,
          1,
          1,
          1,
          1,
          null
        ]
      },
      "/Users/christophercrane/Desktop/mods/4mod/tea_shop/spec/requests/api/v1/subscriptions_request_spec.rb": {
        "lines": [
          null,
          null,
          null,
          null,
          null,
          null,
          null,
          1,
          1,
          3,
          3,
          3,
          null,
          null,
          1,
          1,
          1,
          null,
          1,
          1,
          null,
          1,
          1,
          1,
          1,
          1,
          null,
          null,
          1,
          1,
          1,
          null,
          1,
          null,
          1,
          1,
          null,
          null,
          1,
          1,
          null,
          1,
          null,
          1,
          1,
          null,
          null
        ]
      },
      "/Users/christophercrane/Desktop/mods/4mod/tea_shop/app/controllers/api/v1/subscriptions_controller.rb": {
        "lines": [
          null,
          null,
          1,
          1,
          1,
          1,
          1,
          1,
          null,
          null,
          1,
          1,
          null,
          null,
          1,
          1,
          null,
          null,
          1,
          1,
          null,
          null,
          null,
          null
        ]
      },
      "/Users/christophercrane/Desktop/mods/4mod/tea_shop/app/controllers/application_controller.rb": {
        "lines": [
          null,
          null,
          1,
          null
        ]
      },
      "/Users/christophercrane/Desktop/mods/4mod/tea_shop/app/serializers/subscription_serializer.rb": {
        "lines": [
          null,
          null,
          1,
          1,
          1,
          null
        ]
      }
    },
    "timestamp": 1685489229
  }
}
